<testsuite name="Mocha Tests" tests="5" failures="0" errors="0" skipped="0" timestamp="Tue, 24 Sep 2013 14:30:47 GMT" time="0.004">
<testcase classname="globals" name="should have sinon defined" time="0"/>
<testcase classname="globals" name="should have expect defined" time="0"/>
<testcase classname="globals" name="should have underscore defined" time="0"/>
<testcase classname="logger" name="should ..." time="0"/>
<testcase classname="globals" name="should format date correctly" time="0.001"/>
</testsuite>
